app/build/intermediates/manifest_merge_blame_file/release/manifest-merger-blame-release-report.txt
1<?xml version="1.0" encoding="utf-8"?>
2<manifest xmlns:android="http://schemas.android.com/apk/res/android"
3    package="com.intejor.voicecontroller"
4    android:versionCode="1"
5    android:versionName="1.0" >
6
7    <uses-sdk
8        android:minSdkVersion="15"
8-->src/main/AndroidManifest.xml
9        android:targetSdkVersion="29" />
9-->src/main/AndroidManifest.xml
10
11    <uses-permission android:name="android.permission.RECORD_AUDIO" />
11-->src/main/AndroidManifest.xml:5:5-70
11-->src/main/AndroidManifest.xml:5:22-68
12    <uses-permission android:name="android.permission.INTERNET" />
12-->src/main/AndroidManifest.xml:6:5-67
12-->src/main/AndroidManifest.xml:6:22-64
13
14    <application
14-->src/main/AndroidManifest.xml:8:5-22:19
15        android:allowBackup="true"
15-->src/main/AndroidManifest.xml:9:13-39
16        android:appComponentFactory="androidx.core.app.CoreComponentFactory"
16-->[androidx.core:core:1.0.1] AndroidManifest.xml:22:18-86
17        android:icon="@mipmap/ic_launcher"
17-->src/main/AndroidManifest.xml:10:13-47
18        android:label="@string/app_name"
18-->src/main/AndroidManifest.xml:11:13-45
19        android:roundIcon="@mipmap/ic_launcher_round"
19-->src/main/AndroidManifest.xml:12:13-58
20        android:supportsRtl="true"
20-->src/main/AndroidManifest.xml:13:13-39
21        android:theme="@style/AppTheme" >
21-->src/main/AndroidManifest.xml:14:13-44
22        <activity android:name="com.intejor.voicecontroller.MainActivity" >
22-->src/main/AndroidManifest.xml:15:9-21:20
22-->src/main/AndroidManifest.xml:15:19-47
23            <intent-filter>
23-->src/main/AndroidManifest.xml:16:13-20:29
24                <action android:name="android.intent.action.MAIN" />
24-->src/main/AndroidManifest.xml:17:17-68
24-->src/main/AndroidManifest.xml:17:25-66
25
26                <category android:name="android.intent.category.LAUNCHER" />
26-->src/main/AndroidManifest.xml:19:17-76
26-->src/main/AndroidManifest.xml:19:27-74
27            </intent-filter>
28        </activity>
29    </application>
30
31</manifest>